<?xml version="1.0" encoding="UTF-8"?>
<testng-results ignored="0" total="1" passed="1" failed="0" skipped="0">
  <reporter-output>
  </reporter-output>
  <suite started-at="2023-04-24T19:38:09 IST" name="CucumberFramework" finished-at="2023-04-24T19:39:11 IST" duration-ms="62845">
    <groups>
      <group name="cucumber">
        <method signature="AbstractTestNGCucumberTests.runScenario(io.cucumber.testng.PickleWrapper,io.cucumber.testng.FeatureWrapper)[pri:0, instance:TestRunner.TestRun@75d4a5c2]" name="runScenario" class="io.cucumber.testng.AbstractTestNGCucumberTests"/>
      </group> <!-- cucumber -->
    </groups>
    <test started-at="2023-04-24T19:38:09 IST" name="Test" finished-at="2023-04-24T19:39:11 IST" duration-ms="62845">
      <class name="TestRunner.TestRun">
        <test-method is-config="true" signature="setUpClass(org.testng.ITestContext)[pri:0, instance:TestRunner.TestRun@75d4a5c2]" started-at="2023-04-24T19:38:09 IST" name="setUpClass" finished-at="2023-04-24T19:38:09 IST" duration-ms="284" status="PASS">
          <params>
            <param index="0">
              <value>
                <![CDATA[org.testng.TestRunner@696b52bc]]>
              </value>
            </param>
          </params>
          <reporter-output>
          </reporter-output>
        </test-method> <!-- setUpClass -->
        <test-method signature="runScenario(io.cucumber.testng.PickleWrapper,io.cucumber.testng.FeatureWrapper)[pri:0, instance:TestRunner.TestRun@75d4a5c2]" started-at="2023-04-24T19:38:09 IST" name="runScenario" description="Runs Cucumber Scenarios" data-provider="scenarios" finished-at="2023-04-24T19:39:11 IST" duration-ms="62512" status="PASS">
          <params>
            <param index="0">
              <value>
                <![CDATA["Search a vendor by entering vendor name"]]>
              </value>
            </param>
            <param index="1">
              <value>
                <![CDATA["Customer Vendors"]]>
              </value>
            </param>
          </params>
          <reporter-output>
          </reporter-output>
        </test-method> <!-- runScenario -->
        <test-method is-config="true" signature="tearDownClass()[pri:0, instance:TestRunner.TestRun@75d4a5c2]" started-at="2023-04-24T19:39:11 IST" name="tearDownClass" finished-at="2023-04-24T19:39:11 IST" duration-ms="17" status="PASS">
          <reporter-output>
          </reporter-output>
        </test-method> <!-- tearDownClass -->
      </class> <!-- TestRunner.TestRun -->
    </test> <!-- Test -->
  </suite> <!-- CucumberFramework -->
</testng-results>
